<?xml version="1.0" encoding="UTF-8"?>
<!-- Generated by org.testng.reporters.JUnitReportReporter -->
<testsuite hostname="DESKTOP-BDABQQ0" failures="0" tests="5" name="test_Package.Test_Class1" time="2.966" errors="0" timestamp="2023-03-24T15:19:33 IST" skipped="0">
  <testcase classname="test_Package.Test_Class1" name="test1" time="0.034"/>
  <system-out/>
  <testcase classname="test_Package.Test_Class1" name="test3" time="0.011"/>
  <system-out/>
  <testcase classname="test_Package.Test_Class1" name="test2" time="0.007"/>
  <system-out/>
  <testcase classname="test_Package.Test_Class1" name="verifyDashboardElement" time="2.902"/>
  <system-out/>
  <testcase classname="test_Package.Test_Class1" name="abcd" time="0.012"/>
  <system-out/>
</testsuite> <!-- test_Package.Test_Class1 -->
